# JRE version: Java(TM) SE Runtime Environment (8.0_45-b14) (build 1.8.0_45-b14)
# Java VM: Java HotSpot(TM) 64-Bit Server VM (25.45-b02 mixed mode bsd-amd64 compressed oops)
Heap:
 PSYoungGen      total 739328K, used 509100K [0x000000076ab00000, 0x00000007ae000000, 0x00000007c0000000)
  eden space 718336K, 70% used [0x000000076ab00000,0x0000000789bc7088,0x0000000796880000)
  from space 20992K, 1% used [0x0000000796880000,0x00000007968e4010,0x0000000797d00000)
  to   space 22528K, 0% used [0x00000007aca00000,0x00000007aca00000,0x00000007ae000000)
 ParOldGen       total 78848K, used 35048K [0x00000006c0000000, 0x00000006c4d00000, 0x000000076ab00000)
  object space 78848K, 44% used [0x00000006c0000000,0x00000006c223a270,0x00000006c4d00000)
 Metaspace       used 28117K, capacity 29590K, committed 29824K, reserved 1075200K
  class space    used 3641K, capacity 3950K, committed 3968K, reserved 1048576K
GC Heap History (10 events):
Event: 42.996 GC heap before
{Heap before GC invocations=8 (full 1):
 PSYoungGen      total 264704K, used 264441K [0x000000076ab00000, 0x000000077c100000, 0x00000007c0000000)
  eden space 253440K, 100% used [0x000000076ab00000,0x000000077a280000,0x000000077a280000)
  from space 11264K, 97% used [0x000000077b600000,0x000000077c0be638,0x000000077c100000)
  to   space 11776K, 0% used [0x000000077aa00000,0x000000077aa00000,0x000000077b580000)
 ParOldGen       total 78848K, used 9218K [0x00000006c0000000, 0x00000006c4d00000, 0x000000076ab00000)
  object space 78848K, 11% used [0x00000006c0000000,0x00000006c0900a20,0x00000006c4d00000)
 Metaspace       used 26908K, capacity 28248K, committed 28416K, reserved 1073152K
  class space    used 3540K, capacity 3807K, committed 3840K, reserved 1048576K
Event: 43.006 GC heap after
Heap after GC invocations=8 (full 1):
 PSYoungGen      total 272896K, used 11771K [0x000000076ab00000, 0x000000078a380000, 0x00000007c0000000)
  eden space 261120K, 0% used [0x000000076ab00000,0x000000076ab00000,0x000000077aa00000)
  from space 11776K, 99% used [0x000000077aa00000,0x000000077b57ee18,0x000000077b580000)
  to   space 15872K, 0% used [0x0000000789400000,0x0000000789400000,0x000000078a380000)
 ParOldGen       total 78848K, used 16954K [0x00000006c0000000, 0x00000006c4d00000, 0x000000076ab00000)
  object space 78848K, 21% used [0x00000006c0000000,0x00000006c108ea60,0x00000006c4d00000)
 Metaspace       used 26908K, capacity 28248K, committed 28416K, reserved 1073152K
  class space    used 3540K, capacity 3807K, committed 3840K, reserved 1048576K
}
Event: 53.839 GC heap before
{Heap before GC invocations=9 (full 1):
 PSYoungGen      total 272896K, used 272312K [0x000000076ab00000, 0x000000078a380000, 0x00000007c0000000)
  eden space 261120K, 99% used [0x000000076ab00000,0x000000077a96f260,0x000000077aa00000)
  from space 11776K, 99% used [0x000000077aa00000,0x000000077b57ee18,0x000000077b580000)
  to   space 15872K, 0% used [0x0000000789400000,0x0000000789400000,0x000000078a380000)
 ParOldGen       total 78848K, used 17546K [0x00000006c0000000, 0x00000006c4d00000, 0x000000076ab00000)
  object space 78848K, 22% used [0x00000006c0000000,0x00000006c1122bf8,0x00000006c4d00000)
 Metaspace       used 27244K, capacity 28650K, committed 28800K, reserved 1075200K
  class space    used 3561K, capacity 3848K, committed 3968K, reserved 1048576K
Event: 53.852 GC heap after
Heap after GC invocations=9 (full 1):
 PSYoungGen      total 495104K, used 15866K [0x000000076ab00000, 0x000000078b680000, 0x00000007c0000000)
  eden space 479232K, 0% used [0x000000076ab00000,0x000000076ab00000,0x0000000787f00000)
  from space 15872K, 99% used [0x0000000789400000,0x000000078a37e8c8,0x000000078a380000)
  to   space 21504K, 0% used [0x0000000787f00000,0x0000000787f00000,0x0000000789400000)
 ParOldGen       total 78848K, used 27245K [0x00000006c0000000, 0x00000006c4d00000, 0x000000076ab00000)
  object space 78848K, 34% used [0x00000006c0000000,0x00000006c1a9b420,0x00000006c4d00000)
 Metaspace       used 27244K, capacity 28650K, committed 28800K, reserved 1075200K
  class space    used 3561K, capacity 3848K, committed 3968K, reserved 1048576K
}
Event: 63.845 GC heap before
{Heap before GC invocations=10 (full 1):
 PSYoungGen      total 495104K, used 495098K [0x000000076ab00000, 0x000000078b680000, 0x00000007c0000000)
  eden space 479232K, 100% used [0x000000076ab00000,0x0000000787f00000,0x0000000787f00000)
  from space 15872K, 99% used [0x0000000789400000,0x000000078a37e8c8,0x000000078a380000)
  to   space 21504K, 0% used [0x0000000787f00000,0x0000000787f00000,0x0000000789400000)
 ParOldGen       total 78848K, used 27249K [0x00000006c0000000, 0x00000006c4d00000, 0x000000076ab00000)
  object space 78848K, 34% used [0x00000006c0000000,0x00000006c1a9c6f8,0x00000006c4d00000)
 Metaspace       used 27978K, capacity 29404K, committed 29568K, reserved 1075200K
  class space    used 3635K, capacity 3911K, committed 3968K, reserved 1048576K
Event: 63.855 GC heap after
Heap after GC invocations=10 (full 1):
 PSYoungGen      total 500736K, used 15275K [0x000000076ab00000, 0x0000000799980000, 0x00000007c0000000)
  eden space 479232K, 0% used [0x000000076ab00000,0x000000076ab00000,0x0000000787f00000)
  from space 21504K, 71% used [0x0000000787f00000,0x0000000788deae08,0x0000000789400000)
  to   space 21504K, 0% used [0x0000000798480000,0x0000000798480000,0x0000000799980000)
 ParOldGen       total 78848K, used 29383K [0x00000006c0000000, 0x00000006c4d00000, 0x000000076ab00000)
  object space 78848K, 37% used [0x00000006c0000000,0x00000006c1cb1c40,0x00000006c4d00000)
 Metaspace       used 27978K, capacity 29404K, committed 29568K, reserved 1075200K
  class space    used 3635K, capacity 3911K, committed 3968K, reserved 1048576K
}
Event: 64.354 GC heap before
{Heap before GC invocations=11 (full 1):
 PSYoungGen      total 500736K, used 494507K [0x000000076ab00000, 0x0000000799980000, 0x00000007c0000000)
  eden space 479232K, 100% used [0x000000076ab00000,0x0000000787f00000,0x0000000787f00000)
  from space 21504K, 71% used [0x0000000787f00000,0x0000000788deae08,0x0000000789400000)
  to   space 21504K, 0% used [0x0000000798480000,0x0000000798480000,0x0000000799980000)
 ParOldGen       total 78848K, used 29383K [0x00000006c0000000, 0x00000006c4d00000, 0x000000076ab00000)
  object space 78848K, 37% used [0x00000006c0000000,0x00000006c1cb1c40,0x00000006c4d00000)
 Metaspace       used 28004K, capacity 29456K, committed 29568K, reserved 1075200K
  class space    used 3639K, capacity 3949K, committed 3968K, reserved 1048576K
Event: 64.362 GC heap after
Heap after GC invocations=11 (full 1):
 PSYoungGen      total 731648K, used 10729K [0x000000076ab00000, 0x0000000799180000, 0x00000007c0000000)
  eden space 718336K, 0% used [0x000000076ab00000,0x000000076ab00000,0x0000000796880000)
  from space 13312K, 80% used [0x0000000798480000,0x0000000798efa570,0x0000000799180000)
  to   space 20992K, 0% used [0x0000000796880000,0x0000000796880000,0x0000000797d00000)
 ParOldGen       total 78848K, used 33159K [0x00000006c0000000, 0x00000006c4d00000, 0x000000076ab00000)
  object space 78848K, 42% used [0x00000006c0000000,0x00000006c2061e70,0x00000006c4d00000)
 Metaspace       used 28004K, capacity 29456K, committed 29568K, reserved 1075200K
  class space    used 3639K, capacity 3949K, committed 3968K, reserved 1048576K
}
Event: 79.020 GC heap before
{Heap before GC invocations=12 (full 1):
 PSYoungGen      total 731648K, used 729065K [0x000000076ab00000, 0x0000000799180000, 0x00000007c0000000)
  eden space 718336K, 100% used [0x000000076ab00000,0x0000000796880000,0x0000000796880000)
  from space 13312K, 80% used [0x0000000798480000,0x0000000798efa570,0x0000000799180000)
  to   space 20992K, 0% used [0x0000000796880000,0x0000000796880000,0x0000000797d00000)
 ParOldGen       total 78848K, used 33159K [0x00000006c0000000, 0x00000006c4d00000, 0x000000076ab00000)
  object space 78848K, 42% used [0x00000006c0000000,0x00000006c2061e70,0x00000006c4d00000)
 Metaspace       used 28098K, capacity 29584K, committed 29824K, reserved 1075200K
  class space    used 3640K, capacity 3949K, committed 3968K, reserved 1048576K
Event: 79.022 GC heap after
Heap after GC invocations=12 (full 1):
 PSYoungGen      total 739328K, used 400K [0x000000076ab00000, 0x00000007ae000000, 0x00000007c0000000)
  eden space 718336K, 0% used [0x000000076ab00000,0x000000076ab00000,0x0000000796880000)
  from space 20992K, 1% used [0x0000000796880000,0x00000007968e4010,0x0000000797d00000)
  to   space 22528K, 0% used [0x00000007aca00000,0x00000007aca00000,0x00000007ae000000)
 ParOldGen       total 78848K, used 35048K [0x00000006c0000000, 0x00000006c4d00000, 0x000000076ab00000)
  object space 78848K, 44% used [0x00000006c0000000,0x00000006c223a270,0x00000006c4d00000)
 Metaspace       used 28098K, capacity 29584K, committed 29824K, reserved 1075200K
  class space    used 3640K, capacity 3949K, committed 3968K, reserved 1048576K
}

