# JRE version: Java(TM) SE Runtime Environment (8.0_45-b14) (build 1.8.0_45-b14)
# Java VM: Java HotSpot(TM) 64-Bit Server VM (25.45-b02 mixed mode bsd-amd64 compressed oops)
Heap:
 PSYoungGen      total 803840K, used 142764K [0x000000076ab00000, 0x00000007b5f00000, 0x00000007c0000000)
  eden space 788992K, 16% used [0x000000076ab00000,0x0000000772967350,0x000000079ad80000)
  from space 14848K, 89% used [0x000000079ad80000,0x000000079ba84060,0x000000079bc00000)
  to   space 15360K, 0% used [0x00000007b5000000,0x00000007b5000000,0x00000007b5f00000)
 ParOldGen       total 82432K, used 31590K [0x00000006c0000000, 0x00000006c5080000, 0x000000076ab00000)
  object space 82432K, 38% used [0x00000006c0000000,0x00000006c1ed9a78,0x00000006c5080000)
 Metaspace       used 27313K, capacity 28738K, committed 28796K, reserved 1075200K
  class space    used 3365K, capacity 3670K, committed 3712K, reserved 1048576K
GC Heap History (10 events):
Event: 13.504 GC heap before
{Heap before GC invocations=8 (full 1):
 PSYoungGen      total 272896K, used 262144K [0x000000076ab00000, 0x000000077c000000, 0x00000007c0000000)
  eden space 262144K, 100% used [0x000000076ab00000,0x000000077ab00000,0x000000077ab00000)
  from space 10752K, 0% used [0x000000077b580000,0x000000077b580000,0x000000077c000000)
  to   space 10752K, 0% used [0x000000077ab00000,0x000000077ab00000,0x000000077b580000)
 ParOldGen       total 82432K, used 11342K [0x00000006c0000000, 0x00000006c5080000, 0x000000076ab00000)
  object space 82432K, 13% used [0x00000006c0000000,0x00000006c0b13b40,0x00000006c5080000)
 Metaspace       used 25264K, capacity 26482K, committed 26620K, reserved 1073152K
  class space    used 3282K, capacity 3526K, committed 3584K, reserved 1048576K
Event: 13.513 GC heap after
Heap after GC invocations=8 (full 1):
 PSYoungGen      total 272896K, used 10743K [0x000000076ab00000, 0x000000078b900000, 0x00000007c0000000)
  eden space 262144K, 0% used [0x000000076ab00000,0x000000076ab00000,0x000000077ab00000)
  from space 10752K, 99% used [0x000000077ab00000,0x000000077b57df00,0x000000077b580000)
  to   space 12800K, 0% used [0x000000078ac80000,0x000000078ac80000,0x000000078b900000)
 ParOldGen       total 82432K, used 14628K [0x00000006c0000000, 0x00000006c5080000, 0x000000076ab00000)
  object space 82432K, 17% used [0x00000006c0000000,0x00000006c0e49140,0x00000006c5080000)
 Metaspace       used 25264K, capacity 26482K, committed 26620K, reserved 1073152K
  class space    used 3282K, capacity 3526K, committed 3584K, reserved 1048576K
}
Event: 44.381 GC heap before
{Heap before GC invocations=9 (full 1):
 PSYoungGen      total 272896K, used 272887K [0x000000076ab00000, 0x000000078b900000, 0x00000007c0000000)
  eden space 262144K, 100% used [0x000000076ab00000,0x000000077ab00000,0x000000077ab00000)
  from space 10752K, 99% used [0x000000077ab00000,0x000000077b57df00,0x000000077b580000)
  to   space 12800K, 0% used [0x000000078ac80000,0x000000078ac80000,0x000000078b900000)
 ParOldGen       total 82432K, used 14628K [0x00000006c0000000, 0x00000006c5080000, 0x000000076ab00000)
  object space 82432K, 17% used [0x00000006c0000000,0x00000006c0e49140,0x00000006c5080000)
 Metaspace       used 25821K, capacity 27076K, committed 27132K, reserved 1073152K
  class space    used 3293K, capacity 3567K, committed 3584K, reserved 1048576K
Event: 44.387 GC heap after
Heap after GC invocations=9 (full 1):
 PSYoungGen      total 519680K, used 10664K [0x000000076ab00000, 0x000000078b700000, 0x00000007c0000000)
  eden space 508928K, 0% used [0x000000076ab00000,0x000000076ab00000,0x0000000789c00000)
  from space 10752K, 99% used [0x000000078ac80000,0x000000078b6ea0a8,0x000000078b700000)
  to   space 12288K, 0% used [0x0000000789f00000,0x0000000789f00000,0x000000078ab00000)
 ParOldGen       total 82432K, used 14636K [0x00000006c0000000, 0x00000006c5080000, 0x000000076ab00000)
  object space 82432K, 17% used [0x00000006c0000000,0x00000006c0e4b140,0x00000006c5080000)
 Metaspace       used 25821K, capacity 27076K, committed 27132K, reserved 1073152K
  class space    used 3293K, capacity 3567K, committed 3584K, reserved 1048576K
}
Event: 69.883 GC heap before
{Heap before GC invocations=10 (full 1):
 PSYoungGen      total 519680K, used 519592K [0x000000076ab00000, 0x000000078b700000, 0x00000007c0000000)
  eden space 508928K, 100% used [0x000000076ab00000,0x0000000789c00000,0x0000000789c00000)
  from space 10752K, 99% used [0x000000078ac80000,0x000000078b6ea0a8,0x000000078b700000)
  to   space 12288K, 0% used [0x0000000789f00000,0x0000000789f00000,0x000000078ab00000)
 ParOldGen       total 82432K, used 14636K [0x00000006c0000000, 0x00000006c5080000, 0x000000076ab00000)
  object space 82432K, 17% used [0x00000006c0000000,0x00000006c0e4b140,0x00000006c5080000)
 Metaspace       used 26616K, capacity 27972K, committed 28284K, reserved 1073152K
  class space    used 3302K, capacity 3607K, committed 3712K, reserved 1048576K
Event: 69.895 GC heap after
Heap after GC invocations=10 (full 1):
 PSYoungGen      total 524288K, used 12273K [0x000000076ab00000, 0x000000079ce00000, 0x00000007c0000000)
  eden space 512000K, 0% used [0x000000076ab00000,0x000000076ab00000,0x0000000789f00000)
  from space 12288K, 99% used [0x0000000789f00000,0x000000078aafc770,0x000000078ab00000)
  to   space 15360K, 0% used [0x000000079bf00000,0x000000079bf00000,0x000000079ce00000)
 ParOldGen       total 82432K, used 20153K [0x00000006c0000000, 0x00000006c5080000, 0x000000076ab00000)
  object space 82432K, 24% used [0x00000006c0000000,0x00000006c13ae6b8,0x00000006c5080000)
 Metaspace       used 26616K, capacity 27972K, committed 28284K, reserved 1073152K
  class space    used 3302K, capacity 3607K, committed 3712K, reserved 1048576K
}
Event: 86.387 GC heap before
{Heap before GC invocations=11 (full 1):
 PSYoungGen      total 524288K, used 524273K [0x000000076ab00000, 0x000000079ce00000, 0x00000007c0000000)
  eden space 512000K, 100% used [0x000000076ab00000,0x0000000789f00000,0x0000000789f00000)
  from space 12288K, 99% used [0x0000000789f00000,0x000000078aafc770,0x000000078ab00000)
  to   space 15360K, 0% used [0x000000079bf00000,0x000000079bf00000,0x000000079ce00000)
 ParOldGen       total 82432K, used 20153K [0x00000006c0000000, 0x00000006c5080000, 0x000000076ab00000)
  object space 82432K, 24% used [0x00000006c0000000,0x00000006c13ae6b8,0x00000006c5080000)
 Metaspace       used 26896K, capacity 28262K, committed 28540K, reserved 1075200K
  class space    used 3314K, capacity 3616K, committed 3712K, reserved 1048576K
Event: 86.396 GC heap after
Heap after GC invocations=11 (full 1):
 PSYoungGen      total 800768K, used 11189K [0x000000076ab00000, 0x000000079ca80000, 0x00000007c0000000)
  eden space 788992K, 0% used [0x000000076ab00000,0x000000076ab00000,0x000000079ad80000)
  from space 11776K, 95% used [0x000000079bf00000,0x000000079c9ed798,0x000000079ca80000)
  to   space 14848K, 0% used [0x000000079ad80000,0x000000079ad80000,0x000000079bc00000)
 ParOldGen       total 82432K, used 27090K [0x00000006c0000000, 0x00000006c5080000, 0x000000076ab00000)
  object space 82432K, 32% used [0x00000006c0000000,0x00000006c1a74848,0x00000006c5080000)
 Metaspace       used 26896K, capacity 28262K, committed 28540K, reserved 1075200K
  class space    used 3314K, capacity 3616K, committed 3712K, reserved 1048576K
}
Event: 119.350 GC heap before
{Heap before GC invocations=12 (full 1):
 PSYoungGen      total 800768K, used 800181K [0x000000076ab00000, 0x000000079ca80000, 0x00000007c0000000)
  eden space 788992K, 100% used [0x000000076ab00000,0x000000079ad80000,0x000000079ad80000)
  from space 11776K, 95% used [0x000000079bf00000,0x000000079c9ed798,0x000000079ca80000)
  to   space 14848K, 0% used [0x000000079ad80000,0x000000079ad80000,0x000000079bc00000)
 ParOldGen       total 82432K, used 27090K [0x00000006c0000000, 0x00000006c5080000, 0x000000076ab00000)
  object space 82432K, 32% used [0x00000006c0000000,0x00000006c1a74848,0x00000006c5080000)
 Metaspace       used 27265K, capacity 28706K, committed 28796K, reserved 1075200K
  class space    used 3359K, capacity 3662K, committed 3712K, reserved 1048576K
Event: 119.361 GC heap after
Heap after GC invocations=12 (full 1):
 PSYoungGen      total 803840K, used 13328K [0x000000076ab00000, 0x00000007b5f00000, 0x00000007c0000000)
  eden space 788992K, 0% used [0x000000076ab00000,0x000000076ab00000,0x000000079ad80000)
  from space 14848K, 89% used [0x000000079ad80000,0x000000079ba84060,0x000000079bc00000)
  to   space 15360K, 0% used [0x00000007b5000000,0x00000007b5000000,0x00000007b5f00000)
 ParOldGen       total 82432K, used 31590K [0x00000006c0000000, 0x00000006c5080000, 0x000000076ab00000)
  object space 82432K, 38% used [0x00000006c0000000,0x00000006c1ed9a78,0x00000006c5080000)
 Metaspace       used 27265K, capacity 28706K, committed 28796K, reserved 1075200K
  class space    used 3359K, capacity 3662K, committed 3712K, reserved 1048576K
}

