# JRE version: Java(TM) SE Runtime Environment (8.0_45-b14) (build 1.8.0_45-b14)
# Java VM: Java HotSpot(TM) 64-Bit Server VM (25.45-b02 mixed mode bsd-amd64 compressed oops)
Heap:
 PSYoungGen      total 1110528K, used 278446K [0x000000076ab00000, 0x00000007b0b00000, 0x00000007c0000000)
  eden space 1107968K, 24% used [0x000000076ab00000,0x000000077b897620,0x00000007ae500000)
  from space 2560K, 93% used [0x00000007b0880000,0x00000007b0ad44a0,0x00000007b0b00000)
  to   space 17408K, 0% used [0x00000007ae900000,0x00000007ae900000,0x00000007afa00000)
 ParOldGen       total 78848K, used 25495K [0x00000006c0000000, 0x00000006c4d00000, 0x000000076ab00000)
  object space 78848K, 32% used [0x00000006c0000000,0x00000006c18e5dd0,0x00000006c4d00000)
 Metaspace       used 26756K, capacity 28204K, committed 28416K, reserved 1073152K
  class space    used 3461K, capacity 3763K, committed 3840K, reserved 1048576K
GC Heap History (10 events):
Event: 15.420 GC heap before
{Heap before GC invocations=9 (full 1):
 PSYoungGen      total 272896K, used 272894K [0x000000076ab00000, 0x000000078a780000, 0x00000007c0000000)
  eden space 261632K, 100% used [0x000000076ab00000,0x000000077aa80000,0x000000077aa80000)
  from space 11264K, 99% used [0x000000077aa80000,0x000000077b57f928,0x000000077b580000)
  to   space 13824K, 0% used [0x0000000789a00000,0x0000000789a00000,0x000000078a780000)
 ParOldGen       total 78848K, used 13668K [0x00000006c0000000, 0x00000006c4d00000, 0x000000076ab00000)
  object space 78848K, 17% used [0x00000006c0000000,0x00000006c0d591e0,0x00000006c4d00000)
 Metaspace       used 26282K, capacity 27654K, committed 27904K, reserved 1073152K
  class space    used 3442K, capacity 3716K, committed 3840K, reserved 1048576K
Event: 15.426 GC heap after
Heap after GC invocations=9 (full 1):
 PSYoungGen      total 506880K, used 12163K [0x000000076ab00000, 0x000000078af00000, 0x00000007c0000000)
  eden space 493056K, 0% used [0x000000076ab00000,0x000000076ab00000,0x0000000788c80000)
  from space 13824K, 87% used [0x0000000789a00000,0x000000078a5e0d20,0x000000078a780000)
  to   space 13824K, 0% used [0x0000000788c80000,0x0000000788c80000,0x0000000789a00000)
 ParOldGen       total 78848K, used 13676K [0x00000006c0000000, 0x00000006c4d00000, 0x000000076ab00000)
  object space 78848K, 17% used [0x00000006c0000000,0x00000006c0d5b1e0,0x00000006c4d00000)
 Metaspace       used 26282K, capacity 27654K, committed 27904K, reserved 1073152K
  class space    used 3442K, capacity 3716K, committed 3840K, reserved 1048576K
}
Event: 15.832 GC heap before
{Heap before GC invocations=10 (full 1):
 PSYoungGen      total 506880K, used 505219K [0x000000076ab00000, 0x000000078af00000, 0x00000007c0000000)
  eden space 493056K, 100% used [0x000000076ab00000,0x0000000788c80000,0x0000000788c80000)
  from space 13824K, 87% used [0x0000000789a00000,0x000000078a5e0d20,0x000000078a780000)
  to   space 13824K, 0% used [0x0000000788c80000,0x0000000788c80000,0x0000000789a00000)
 ParOldGen       total 78848K, used 13676K [0x00000006c0000000, 0x00000006c4d00000, 0x000000076ab00000)
  object space 78848K, 17% used [0x00000006c0000000,0x00000006c0d5b1e0,0x00000006c4d00000)
 Metaspace       used 26311K, capacity 27674K, committed 27904K, reserved 1073152K
  class space    used 3445K, capacity 3722K, committed 3840K, reserved 1048576K
Event: 15.838 GC heap after
Heap after GC invocations=10 (full 1):
 PSYoungGen      total 506880K, used 8115K [0x000000076ab00000, 0x000000079aa80000, 0x00000007c0000000)
  eden space 493056K, 0% used [0x000000076ab00000,0x000000076ab00000,0x0000000788c80000)
  from space 13824K, 58% used [0x0000000788c80000,0x000000078946cdd8,0x0000000789a00000)
  to   space 14336K, 0% used [0x0000000799c80000,0x0000000799c80000,0x000000079aa80000)
 ParOldGen       total 78848K, used 17556K [0x00000006c0000000, 0x00000006c4d00000, 0x000000076ab00000)
  object space 78848K, 22% used [0x00000006c0000000,0x00000006c11251b0,0x00000006c4d00000)
 Metaspace       used 26311K, capacity 27674K, committed 27904K, reserved 1073152K
  class space    used 3445K, capacity 3722K, committed 3840K, reserved 1048576K
}
Event: 16.227 GC heap before
{Heap before GC invocations=11 (full 1):
 PSYoungGen      total 506880K, used 501171K [0x000000076ab00000, 0x000000079aa80000, 0x00000007c0000000)
  eden space 493056K, 100% used [0x000000076ab00000,0x0000000788c80000,0x0000000788c80000)
  from space 13824K, 58% used [0x0000000788c80000,0x000000078946cdd8,0x0000000789a00000)
  to   space 14336K, 0% used [0x0000000799c80000,0x0000000799c80000,0x000000079aa80000)
 ParOldGen       total 78848K, used 17556K [0x00000006c0000000, 0x00000006c4d00000, 0x000000076ab00000)
  object space 78848K, 22% used [0x00000006c0000000,0x00000006c11251b0,0x00000006c4d00000)
 Metaspace       used 26323K, capacity 27674K, committed 27904K, reserved 1073152K
  class space    used 3445K, capacity 3722K, committed 3840K, reserved 1048576K
Event: 16.232 GC heap after
Heap after GC invocations=11 (full 1):
 PSYoungGen      total 761344K, used 481K [0x000000076ab00000, 0x000000079a700000, 0x00000007c0000000)
  eden space 750592K, 0% used [0x000000076ab00000,0x000000076ab00000,0x0000000798800000)
  from space 10752K, 4% used [0x0000000799c80000,0x0000000799cf86a0,0x000000079a700000)
  to   space 15872K, 0% used [0x0000000798800000,0x0000000798800000,0x0000000799780000)
 ParOldGen       total 78848K, used 25214K [0x00000006c0000000, 0x00000006c4d00000, 0x000000076ab00000)
  object space 78848K, 31% used [0x00000006c0000000,0x00000006c189f9b0,0x00000006c4d00000)
 Metaspace       used 26323K, capacity 27674K, committed 27904K, reserved 1073152K
  class space    used 3445K, capacity 3722K, committed 3840K, reserved 1048576K
}
Event: 16.647 GC heap before
{Heap before GC invocations=12 (full 1):
 PSYoungGen      total 761344K, used 751073K [0x000000076ab00000, 0x000000079a700000, 0x00000007c0000000)
  eden space 750592K, 100% used [0x000000076ab00000,0x0000000798800000,0x0000000798800000)
  from space 10752K, 4% used [0x0000000799c80000,0x0000000799cf86a0,0x000000079a700000)
  to   space 15872K, 0% used [0x0000000798800000,0x0000000798800000,0x0000000799780000)
 ParOldGen       total 78848K, used 25214K [0x00000006c0000000, 0x00000006c4d00000, 0x000000076ab00000)
  object space 78848K, 31% used [0x00000006c0000000,0x00000006c189f9b0,0x00000006c4d00000)
 Metaspace       used 26355K, capacity 27738K, committed 27904K, reserved 1073152K
  class space    used 3445K, capacity 3722K, committed 3840K, reserved 1048576K
Event: 16.648 GC heap after
Heap after GC invocations=12 (full 1):
 PSYoungGen      total 766464K, used 272K [0x000000076ab00000, 0x00000007b1900000, 0x00000007c0000000)
  eden space 750592K, 0% used [0x000000076ab00000,0x000000076ab00000,0x0000000798800000)
  from space 15872K, 1% used [0x0000000798800000,0x0000000798844010,0x0000000799780000)
  to   space 16896K, 0% used [0x00000007b0880000,0x00000007b0880000,0x00000007b1900000)
 ParOldGen       total 78848K, used 25375K [0x00000006c0000000, 0x00000006c4d00000, 0x000000076ab00000)
  object space 78848K, 32% used [0x00000006c0000000,0x00000006c18c7d70,0x00000006c4d00000)
 Metaspace       used 26355K, capacity 27738K, committed 27904K, reserved 1073152K
  class space    used 3445K, capacity 3722K, committed 3840K, reserved 1048576K
}
Event: 38.278 GC heap before
{Heap before GC invocations=13 (full 1):
 PSYoungGen      total 766464K, used 750864K [0x000000076ab00000, 0x00000007b1900000, 0x00000007c0000000)
  eden space 750592K, 100% used [0x000000076ab00000,0x0000000798800000,0x0000000798800000)
  from space 15872K, 1% used [0x0000000798800000,0x0000000798844010,0x0000000799780000)
  to   space 16896K, 0% used [0x00000007b0880000,0x00000007b0880000,0x00000007b1900000)
 ParOldGen       total 78848K, used 25375K [0x00000006c0000000, 0x00000006c4d00000, 0x000000076ab00000)
  object space 78848K, 32% used [0x00000006c0000000,0x00000006c18c7d70,0x00000006c4d00000)
 Metaspace       used 26753K, capacity 28198K, committed 28416K, reserved 1073152K
  class space    used 3460K, capacity 3762K, committed 3840K, reserved 1048576K
Event: 38.281 GC heap after
Heap after GC invocations=13 (full 1):
 PSYoungGen      total 1110528K, used 2385K [0x000000076ab00000, 0x00000007b0b00000, 0x00000007c0000000)
  eden space 1107968K, 0% used [0x000000076ab00000,0x000000076ab00000,0x00000007ae500000)
  from space 2560K, 93% used [0x00000007b0880000,0x00000007b0ad44a0,0x00000007b0b00000)
  to   space 17408K, 0% used [0x00000007ae900000,0x00000007ae900000,0x00000007afa00000)
 ParOldGen       total 78848K, used 25495K [0x00000006c0000000, 0x00000006c4d00000, 0x000000076ab00000)
  object space 78848K, 32% used [0x00000006c0000000,0x00000006c18e5dd0,0x00000006c4d00000)
 Metaspace       used 26753K, capacity 28198K, committed 28416K, reserved 1073152K
  class space    used 3460K, capacity 3762K, committed 3840K, reserved 1048576K
}

